0 info it worked if it ends with ok
1 verbose cli [ 'D:\\node.exe',
1 verbose cli   'D:\\node_modules\\npm\\bin\\npm-cli.js',
1 verbose cli   'run',
1 verbose cli   'build' ]
2 info using npm@3.10.10
3 info using node@v6.11.3
4 verbose run-script [ 'prebuild', 'build', 'postbuild' ]
5 info lifecycle gateoffate@1.0.0~prebuild: gateoffate@1.0.0
6 silly lifecycle gateoffate@1.0.0~prebuild: no script for prebuild, continuing
7 info lifecycle gateoffate@1.0.0~build: gateoffate@1.0.0
8 verbose lifecycle gateoffate@1.0.0~build: unsafe-perm in lifecycle true
9 verbose lifecycle gateoffate@1.0.0~build: PATH: D:\node_modules\npm\bin\node-gyp-bin;C:\Users\USER\Desktop\命運門Project\node_modules\.bin;C:\ProgramData\Oracle\Java\javapath;C:\Program Files (x86)\Intel\iCLS Client\;C:\Program Files\Intel\iCLS Client\;C:\WINDOWS\system32;C:\WINDOWS;C:\WINDOWS\System32\Wbem;C:\WINDOWS\System32\WindowsPowerShell\v1.0\;C:\Program Files (x86)\Intel\Intel(R) Management Engine Components\DAL;C:\Program Files\Intel\Intel(R) Management Engine Components\DAL;C:\Program Files (x86)\Intel\Intel(R) Management Engine Components\IPT;C:\Program Files\Intel\Intel(R) Management Engine Components\IPT;C:\Users\USER\Desktop\Program Folder\Xuggle\bin;C:\Program Files (x86)\Windows Live\Shared;D:\Git\cmd;D:\bin;C:\Program Files (x86)\Windows Kits\8.1\Windows Performance Toolkit\;D:\;D:\Python\Python36-32\Scripts\;D:\Python\Python36-32\;C:\Users\USER\AppData\Local\Microsoft\WindowsApps;C:\Users\USER\AppData\Roaming\npm
10 verbose lifecycle gateoffate@1.0.0~build: CWD: C:\Users\USER\Desktop\命運門Project
11 silly lifecycle gateoffate@1.0.0~build: Args: [ '/d /s /c', 'webpack' ]
12 silly lifecycle gateoffate@1.0.0~build: Returned: code: 2  signal: null
13 info lifecycle gateoffate@1.0.0~build: Failed to exec build script
14 verbose stack Error: gateoffate@1.0.0 build: `webpack`
14 verbose stack Exit status 2
14 verbose stack     at EventEmitter.<anonymous> (D:\node_modules\npm\lib\utils\lifecycle.js:255:16)
14 verbose stack     at emitTwo (events.js:106:13)
14 verbose stack     at EventEmitter.emit (events.js:191:7)
14 verbose stack     at ChildProcess.<anonymous> (D:\node_modules\npm\lib\utils\spawn.js:40:14)
14 verbose stack     at emitTwo (events.js:106:13)
14 verbose stack     at ChildProcess.emit (events.js:191:7)
14 verbose stack     at maybeClose (internal/child_process.js:920:16)
14 verbose stack     at Process.ChildProcess._handle.onexit (internal/child_process.js:230:5)
15 verbose pkgid gateoffate@1.0.0
16 verbose cwd C:\Users\USER\Desktop\命運門Project
17 error Windows_NT 10.0.14393
18 error argv "D:\\node.exe" "D:\\node_modules\\npm\\bin\\npm-cli.js" "run" "build"
19 error node v6.11.3
20 error npm  v3.10.10
21 error code ELIFECYCLE
22 error gateoffate@1.0.0 build: `webpack`
22 error Exit status 2
23 error Failed at the gateoffate@1.0.0 build script 'webpack'.
23 error Make sure you have the latest version of node.js and npm installed.
23 error If you do, this is most likely a problem with the gateoffate package,
23 error not with npm itself.
23 error Tell the author that this fails on your system:
23 error     webpack
23 error You can get information on how to open an issue for this project with:
23 error     npm bugs gateoffate
23 error Or if that isn't available, you can get their info via:
23 error     npm owner ls gateoffate
23 error There is likely additional logging output above.
24 verbose exit [ 1, true ]
